android/app/build/intermediates/manifest_merge_blame_file/debug/processDebugMainManifest/manifest-merger-blame-debug-report.txt
1<?xml version="1.0" encoding="utf-8"?>
2<manifest xmlns:android="http://schemas.android.com/apk/res/android"
3    package="com.gamepadbridge"
4    android:versionCode="1"
5    android:versionName="1.0" >
6
7    <uses-sdk
7-->src/main/AndroidManifest.xml:4:5-74
8        android:minSdkVersion="24"
8-->src/main/AndroidManifest.xml:4:15-41
9        android:targetSdkVersion="34" />
9-->src/main/AndroidManifest.xml:4:42-71
10
11    <uses-permission android:name="android.permission.INTERNET" />
11-->src/main/AndroidManifest.xml:6:5-67
11-->src/main/AndroidManifest.xml:6:22-64
12    <uses-permission android:name="android.permission.ACCESS_WIFI_STATE" />
12-->src/main/AndroidManifest.xml:7:5-76
12-->src/main/AndroidManifest.xml:7:22-73
13    <uses-permission android:name="android.permission.CAMERA" />
13-->src/main/AndroidManifest.xml:8:5-65
13-->src/main/AndroidManifest.xml:8:22-62
14    <uses-permission android:name="android.permission.FOREGROUND_SERVICE" />
14-->src/main/AndroidManifest.xml:9:5-77
14-->src/main/AndroidManifest.xml:9:22-74
15    <uses-permission android:name="android.permission.FOREGROUND_SERVICE_DATA_SYNC" />
15-->src/main/AndroidManifest.xml:10:5-87
15-->src/main/AndroidManifest.xml:10:22-84
16    <uses-permission android:name="android.permission.POST_NOTIFICATIONS" />
16-->src/main/AndroidManifest.xml:11:5-77
16-->src/main/AndroidManifest.xml:11:22-74
17
18    <uses-feature
18-->src/main/AndroidManifest.xml:13:5-86
19        android:name="android.hardware.gamepad"
19-->src/main/AndroidManifest.xml:13:19-58
20        android:required="false" />
20-->src/main/AndroidManifest.xml:13:59-83
21    <uses-feature
21-->src/main/AndroidManifest.xml:14:5-85
22        android:name="android.hardware.camera"
22-->src/main/AndroidManifest.xml:14:19-57
23        android:required="false" />
23-->src/main/AndroidManifest.xml:14:58-82
24    <uses-feature
24-->src/main/AndroidManifest.xml:15:5-91
25        android:name="android.hardware.camera.front"
25-->src/main/AndroidManifest.xml:15:19-63
26        android:required="false" />
26-->src/main/AndroidManifest.xml:15:64-88
27    <uses-feature
27-->src/main/AndroidManifest.xml:16:5-95
28        android:name="android.hardware.camera.autofocus"
28-->src/main/AndroidManifest.xml:16:19-67
29        android:required="false" />
29-->src/main/AndroidManifest.xml:16:68-92
30    <uses-feature
30-->src/main/AndroidManifest.xml:17:5-91
31        android:name="android.hardware.camera.flash"
31-->src/main/AndroidManifest.xml:17:19-63
32        android:required="false" />
32-->src/main/AndroidManifest.xml:17:64-88
33    <uses-feature
33-->src/main/AndroidManifest.xml:18:5-95
34        android:name="android.hardware.screen.landscape"
34-->src/main/AndroidManifest.xml:18:19-67
35        android:required="false" />
35-->src/main/AndroidManifest.xml:18:68-92
36
37    <permission
37-->[androidx.core:core:1.12.0] AndroidManifest.xml:22:5-24:47
38        android:name="com.gamepadbridge.DYNAMIC_RECEIVER_NOT_EXPORTED_PERMISSION"
38-->[androidx.core:core:1.12.0] AndroidManifest.xml:23:9-81
39        android:protectionLevel="signature" />
39-->[androidx.core:core:1.12.0] AndroidManifest.xml:24:9-44
40
41    <uses-permission android:name="com.gamepadbridge.DYNAMIC_RECEIVER_NOT_EXPORTED_PERMISSION" />
41-->[androidx.core:core:1.12.0] AndroidManifest.xml:26:5-97
41-->[androidx.core:core:1.12.0] AndroidManifest.xml:26:22-94
42
43    <uses-feature
43-->[com.journeyapps:zxing-android-embedded:4.3.0] AndroidManifest.xml:42:5-44:36
44        android:name="android.hardware.wifi"
44-->[com.journeyapps:zxing-android-embedded:4.3.0] AndroidManifest.xml:43:9-45
45        android:required="false" />
45-->[com.journeyapps:zxing-android-embedded:4.3.0] AndroidManifest.xml:44:9-33
46
47    <application
47-->src/main/AndroidManifest.xml:20:5-51:19
48        android:allowBackup="true"
48-->src/main/AndroidManifest.xml:21:9-35
49        android:appComponentFactory="androidx.core.app.CoreComponentFactory"
49-->[androidx.core:core:1.12.0] AndroidManifest.xml:28:18-86
50        android:debuggable="true"
50-->src/main/AndroidManifest.xml:28:9-34
51        android:extractNativeLibs="false"
52        android:icon="@mipmap/ic_launcher"
52-->src/main/AndroidManifest.xml:22:9-43
53        android:label="GamepadBridge"
53-->src/main/AndroidManifest.xml:24:9-38
54        android:networkSecurityConfig="@xml/network_security_config"
54-->src/main/AndroidManifest.xml:27:9-69
55        android:roundIcon="@mipmap/ic_launcher_round"
55-->src/main/AndroidManifest.xml:23:9-54
56        android:supportsRtl="true"
56-->src/main/AndroidManifest.xml:25:9-35
57        android:theme="@style/Theme.GamepadBridge" >
57-->src/main/AndroidManifest.xml:26:9-51
58        <activity
58-->src/main/AndroidManifest.xml:30:9-40:20
59            android:name="com.gamepadbridge.MainActivity"
59-->src/main/AndroidManifest.xml:31:13-58
60            android:configChanges="screenSize|orientation"
60-->src/main/AndroidManifest.xml:35:13-59
61            android:exported="true"
61-->src/main/AndroidManifest.xml:32:13-36
62            android:launchMode="singleTask"
62-->src/main/AndroidManifest.xml:33:13-44
63            android:screenOrientation="reverseLandscape" >
63-->src/main/AndroidManifest.xml:34:13-57
64            <intent-filter>
64-->src/main/AndroidManifest.xml:36:13-39:29
65                <action android:name="android.intent.action.MAIN" />
65-->src/main/AndroidManifest.xml:37:17-69
65-->src/main/AndroidManifest.xml:37:25-66
66
67                <category android:name="android.intent.category.LAUNCHER" />
67-->src/main/AndroidManifest.xml:38:17-77
67-->src/main/AndroidManifest.xml:38:27-74
68            </intent-filter>
69        </activity>
70        <activity
70-->src/main/AndroidManifest.xml:42:9-44:40
71            android:name="com.gamepadbridge.QRScannerActivity"
71-->src/main/AndroidManifest.xml:43:13-63
72            android:exported="false" />
72-->src/main/AndroidManifest.xml:44:13-37
73
74        <service
74-->src/main/AndroidManifest.xml:46:9-49:56
75            android:name="com.gamepadbridge.GamepadBridgeService"
75-->src/main/AndroidManifest.xml:47:13-66
76            android:exported="false"
76-->src/main/AndroidManifest.xml:48:13-37
77            android:foregroundServiceType="dataSync" />
77-->src/main/AndroidManifest.xml:49:13-53
78
79        <provider
79-->[androidx.emoji2:emoji2:1.2.0] AndroidManifest.xml:24:9-32:20
80            android:name="androidx.startup.InitializationProvider"
80-->[androidx.emoji2:emoji2:1.2.0] AndroidManifest.xml:25:13-67
81            android:authorities="com.gamepadbridge.androidx-startup"
81-->[androidx.emoji2:emoji2:1.2.0] AndroidManifest.xml:26:13-68
82            android:exported="false" >
82-->[androidx.emoji2:emoji2:1.2.0] AndroidManifest.xml:27:13-37
83            <meta-data
83-->[androidx.emoji2:emoji2:1.2.0] AndroidManifest.xml:29:13-31:52
84                android:name="androidx.emoji2.text.EmojiCompatInitializer"
84-->[androidx.emoji2:emoji2:1.2.0] AndroidManifest.xml:30:17-75
85                android:value="androidx.startup" />
85-->[androidx.emoji2:emoji2:1.2.0] AndroidManifest.xml:31:17-49
86            <meta-data
86-->[androidx.lifecycle:lifecycle-process:2.4.1] AndroidManifest.xml:31:13-33:52
87                android:name="androidx.lifecycle.ProcessLifecycleInitializer"
87-->[androidx.lifecycle:lifecycle-process:2.4.1] AndroidManifest.xml:32:17-78
88                android:value="androidx.startup" />
88-->[androidx.lifecycle:lifecycle-process:2.4.1] AndroidManifest.xml:33:17-49
89        </provider>
90
91        <activity
91-->[com.journeyapps:zxing-android-embedded:4.3.0] AndroidManifest.xml:47:9-53:63
92            android:name="com.journeyapps.barcodescanner.CaptureActivity"
92-->[com.journeyapps:zxing-android-embedded:4.3.0] AndroidManifest.xml:48:13-74
93            android:clearTaskOnLaunch="true"
93-->[com.journeyapps:zxing-android-embedded:4.3.0] AndroidManifest.xml:49:13-45
94            android:screenOrientation="sensorLandscape"
94-->[com.journeyapps:zxing-android-embedded:4.3.0] AndroidManifest.xml:50:13-56
95            android:stateNotNeeded="true"
95-->[com.journeyapps:zxing-android-embedded:4.3.0] AndroidManifest.xml:51:13-42
96            android:theme="@style/zxing_CaptureTheme"
96-->[com.journeyapps:zxing-android-embedded:4.3.0] AndroidManifest.xml:52:13-54
97            android:windowSoftInputMode="stateAlwaysHidden" />
97-->[com.journeyapps:zxing-android-embedded:4.3.0] AndroidManifest.xml:53:13-60
98    </application>
99
100</manifest>